<?xml version="1.0" encoding="UTF-8"?>
<!-- Generated by org.testng.reporters.JUnitXMLReporter -->
<testsuite hostname="INLT1313" ignored="0" name="Google1" tests="2" failures="0" timestamp="28 Dec 2018 11:36:17 GMT" time="0.032" errors="0">
  <testcase name="@BeforeClass initialiseDriver" time="0.0" classname="AutomationFrameworkCore.TestRunner">
    <failure type="java.lang.NoClassDefFoundError" message="org/openqa/selenium/logging/LoggingHandler">
      <![CDATA[java.lang.NoClassDefFoundError: org/openqa/selenium/logging/LoggingHandler
	at AutomationFrameworkCore.TestRunner.initialiseDriver(TestRunner.java:222)
Caused by: java.lang.ClassNotFoundException: org.openqa.selenium.logging.LoggingHandler
	at java.net.URLClassLoader.findClass(URLClassLoader.java:381)
	at java.lang.ClassLoader.loadClass(ClassLoader.java:424)
	at sun.misc.Launcher$AppClassLoader.loadClass(Launcher.java:349)
	at java.lang.ClassLoader.loadClass(ClassLoader.java:357)
	... 26 more
... Removed 25 stack frames]]>
    </failure>
  </testcase> <!-- @BeforeClass initialiseDriver -->
  <testcase name="@BeforeClass initialiseDriver2" time="0.0" classname="AutomationFrameworkCore.TestRunner">
    <skipped/>
  </testcase> <!-- @BeforeClass initialiseDriver2 -->
  <testcase name="@AfterTest end" time="0.0" classname="AutomationFrameworkCore.TestRunner">
    <skipped/>
  </testcase> <!-- @AfterTest end -->
  <testcase name="DiaryEntry" time="0.004" classname="TestScripts.DriveTest">
    <skipped/>
  </testcase> <!-- DiaryEntry -->
  <testcase name="LoginToCCT" time="0.001" classname="TestScripts.DriveTest">
    <skipped/>
  </testcase> <!-- LoginToCCT -->
</testsuite> <!-- Google1 -->
