<?xml version="1.0" encoding="UTF-8"?>
<!-- Generated by org.testng.reporters.JUnitXMLReporter -->
<testsuite hostname="INLT1313" ignored="0" name="Google1" tests="2" failures="0" timestamp="28 Dec 2018 04:37:20 GMT" time="0.037" errors="0">
  <testcase name="@BeforeClass initialiseDriver" time="0.0" classname="AutomationFrameworkCore.TestRunner">
    <failure type="java.lang.NoClassDefFoundError" message="Could not initialize class org.openqa.selenium.remote.ErrorCodes">
      <![CDATA[java.lang.NoClassDefFoundError: Could not initialize class org.openqa.selenium.remote.ErrorCodes
	at org.openqa.selenium.remote.ErrorHandler.<init>(ErrorHandler.java:68)
	at org.openqa.selenium.remote.ErrorHandler.<init>(ErrorHandler.java:59)
	at org.openqa.selenium.remote.RemoteWebDriver.<init>(RemoteWebDriver.java:97)
	at org.openqa.selenium.chrome.ChromeDriver.<init>(ChromeDriver.java:181)
	at org.openqa.selenium.chrome.ChromeDriver.<init>(ChromeDriver.java:168)
	at org.openqa.selenium.chrome.ChromeDriver.<init>(ChromeDriver.java:123)
	at AutomationFrameworkCore.TestRunner.initialiseDriver(TestRunner.java:202)
... Removed 25 stack frames]]>
    </failure>
  </testcase> <!-- @BeforeClass initialiseDriver -->
  <testcase name="@BeforeClass initialiseDriver2" time="0.0" classname="AutomationFrameworkCore.TestRunner">
    <skipped/>
  </testcase> <!-- @BeforeClass initialiseDriver2 -->
  <testcase name="@AfterTest end" time="0.0" classname="AutomationFrameworkCore.TestRunner">
    <skipped/>
  </testcase> <!-- @AfterTest end -->
  <testcase name="DiaryEntry" time="0.001" classname="TestScripts.DriveTest">
    <skipped/>
  </testcase> <!-- DiaryEntry -->
  <testcase name="LoginToCCT" time="0.0" classname="TestScripts.DriveTest">
    <skipped/>
  </testcase> <!-- LoginToCCT -->
</testsuite> <!-- Google1 -->
